This file contains any messages produced by compilers while
running configure, to aid debugging if configure makes a mistake.

It was created by configure, which was
generated by GNU Autoconf 2.59.  Invocation command line was

  $ ./configure 

## --------- ##
## Platform. ##
## --------- ##

hostname = duy-laptop
uname -m = i686
uname -r = 2.6.22-14-generic
uname -s = Linux
uname -v = #1 SMP Sun Oct 14 23:05:12 GMT 2007

/usr/bin/uname -p = unknown
/bin/uname -X     = unknown

/bin/arch              = unknown
/usr/bin/arch -k       = unknown
/usr/convex/getsysinfo = unknown
hostinfo               = unknown
/bin/machine           = unknown
/usr/bin/oslevel       = unknown
/bin/universe          = unknown

PATH: /opt/msp430/bin
PATH: /usr/local/sbin
PATH: /usr/local/bin
PATH: /usr/sbin
PATH: /usr/bin
PATH: /sbin
PATH: /bin
PATH: /usr/games
PATH: .


## ----------- ##
## Core tests. ##
## ----------- ##

configure:1443: checking build system type
configure:1461: result: i686-pc-linux-gnu
configure:1469: checking host system type
configure:1483: result: i686-pc-linux-gnu
configure:1491: checking target system type
configure:1505: result: i686-pc-linux-gnu
configure:1566: checking for gcc
configure:1582: found /usr/bin/gcc
configure:1592: result: gcc
configure:1836: checking for C compiler version
configure:1839: gcc --version </dev/null >&5
gcc (GCC) 4.1.3 20070929 (prerelease) (Ubuntu 4.1.2-16ubuntu2)
Copyright (C) 2006 Free Software Foundation, Inc.
This is free software; see the source for copying conditions.  There is NO
warranty; not even for MERCHANTABILITY or FITNESS FOR A PARTICULAR PURPOSE.

configure:1842: $? = 0
configure:1844: gcc -v </dev/null >&5
Using built-in specs.
Target: i486-linux-gnu
Configured with: ../src/configure -v --enable-languages=c,c++,fortran,objc,obj-c++,treelang --prefix=/usr --enable-shared --with-system-zlib --libexecdir=/usr/lib --without-included-gettext --enable-threads=posix --enable-nls --with-gxx-include-dir=/usr/include/c++/4.1.3 --program-suffix=-4.1 --enable-__cxa_atexit --enable-clocale=gnu --enable-libstdcxx-debug --enable-mpfr --enable-checking=release i486-linux-gnu
Thread model: posix
gcc version 4.1.3 20070929 (prerelease) (Ubuntu 4.1.2-16ubuntu2)
configure:1847: $? = 0
configure:1849: gcc -V </dev/null >&5
gcc: '-V' option must have argument
configure:1852: $? = 1
configure:1875: checking for C compiler default output file name
configure:1878: gcc    conftest.c  >&5
configure:1881: $? = 0
configure:1927: result: a.out
configure:1932: checking whether the C compiler works
configure:1938: ./a.out
configure:1941: $? = 0
configure:1958: result: yes
configure:1965: checking whether we are cross compiling
configure:1967: result: no
configure:1970: checking for suffix of executables
configure:1972: gcc -o conftest    conftest.c  >&5
configure:1975: $? = 0
configure:2000: result: 
configure:2006: checking for suffix of object files
configure:2027: gcc -c   conftest.c >&5
configure:2030: $? = 0
configure:2052: result: o
configure:2056: checking whether we are using the GNU C compiler
configure:2080: gcc -c   conftest.c >&5
configure:2086: $? = 0
configure:2090: test -z 
			 || test ! -s conftest.err
configure:2093: $? = 0
configure:2096: test -s conftest.o
configure:2099: $? = 0
configure:2112: result: yes
configure:2118: checking whether gcc accepts -g
configure:2139: gcc -c -g  conftest.c >&5
configure:2145: $? = 0
configure:2149: test -z 
			 || test ! -s conftest.err
configure:2152: $? = 0
configure:2155: test -s conftest.o
configure:2158: $? = 0
configure:2169: result: yes
configure:2186: checking for gcc option to accept ANSI C
configure:2256: gcc  -c -g -O2  conftest.c >&5
configure:2262: $? = 0
configure:2266: test -z 
			 || test ! -s conftest.err
configure:2269: $? = 0
configure:2272: test -s conftest.o
configure:2275: $? = 0
configure:2293: result: none needed
configure:2311: gcc -c -g -O2  conftest.c >&5
conftest.c:2: error: expected '=', ',', ';', 'asm' or '__attribute__' before 'me'
configure:2317: $? = 1
configure: failed program was:
| #ifndef __cplusplus
|   choke me
| #endif
configure:2502: checking for g++
configure:2518: found /usr/bin/g++
configure:2528: result: g++
configure:2544: checking for C++ compiler version
configure:2547: g++ --version </dev/null >&5
g++ (GCC) 4.1.3 20070929 (prerelease) (Ubuntu 4.1.2-16ubuntu2)
Copyright (C) 2006 Free Software Foundation, Inc.
This is free software; see the source for copying conditions.  There is NO
warranty; not even for MERCHANTABILITY or FITNESS FOR A PARTICULAR PURPOSE.

configure:2550: $? = 0
configure:2552: g++ -v </dev/null >&5
Using built-in specs.
Target: i486-linux-gnu
Configured with: ../src/configure -v --enable-languages=c,c++,fortran,objc,obj-c++,treelang --prefix=/usr --enable-shared --with-system-zlib --libexecdir=/usr/lib --without-included-gettext --enable-threads=posix --enable-nls --with-gxx-include-dir=/usr/include/c++/4.1.3 --program-suffix=-4.1 --enable-__cxa_atexit --enable-clocale=gnu --enable-libstdcxx-debug --enable-mpfr --enable-checking=release i486-linux-gnu
Thread model: posix
gcc version 4.1.3 20070929 (prerelease) (Ubuntu 4.1.2-16ubuntu2)
configure:2555: $? = 0
configure:2557: g++ -V </dev/null >&5
g++: '-V' option must have argument
configure:2560: $? = 1
configure:2563: checking whether we are using the GNU C++ compiler
configure:2587: g++ -c   conftest.cc >&5
configure:2593: $? = 0
configure:2597: test -z 
			 || test ! -s conftest.err
configure:2600: $? = 0
configure:2603: test -s conftest.o
configure:2606: $? = 0
configure:2619: result: yes
configure:2625: checking whether g++ accepts -g
configure:2646: g++ -c -g  conftest.cc >&5
configure:2652: $? = 0
configure:2656: test -z 
			 || test ! -s conftest.err
configure:2659: $? = 0
configure:2662: test -s conftest.o
configure:2665: $? = 0
configure:2676: result: yes
configure:2718: g++ -c -g -O2  conftest.cc >&5
configure:2724: $? = 0
configure:2728: test -z 
			 || test ! -s conftest.err
configure:2731: $? = 0
configure:2734: test -s conftest.o
configure:2737: $? = 0
configure:2763: g++ -c -g -O2  conftest.cc >&5
conftest.cc: In function 'int main()':
conftest.cc:14: error: 'exit' was not declared in this scope
configure:2769: $? = 1
configure: failed program was:
| /* confdefs.h.  */
| 
| #define PACKAGE_NAME ""
| #define PACKAGE_TARNAME ""
| #define PACKAGE_VERSION ""
| #define PACKAGE_STRING ""
| #define PACKAGE_BUGREPORT ""
| #define _GNU_SOURCE 1
| /* end confdefs.h.  */
| 
| int
| main ()
| {
| exit (42);
|   ;
|   return 0;
| }
configure:2718: g++ -c -g -O2  conftest.cc >&5
configure:2724: $? = 0
configure:2728: test -z 
			 || test ! -s conftest.err
configure:2731: $? = 0
configure:2734: test -s conftest.o
configure:2737: $? = 0
configure:2763: g++ -c -g -O2  conftest.cc >&5
configure:2769: $? = 0
configure:2773: test -z 
			 || test ! -s conftest.err
configure:2776: $? = 0
configure:2779: test -s conftest.o
configure:2782: $? = 0
configure:2811: checking how to run the C preprocessor
configure:2846: gcc -E  conftest.c
configure:2852: $? = 0
configure:2884: gcc -E  conftest.c
conftest.c:13:28: error: ac_nonexistent.h: No such file or directory
configure:2890: $? = 1
configure: failed program was:
| /* confdefs.h.  */
| 
| #define PACKAGE_NAME ""
| #define PACKAGE_TARNAME ""
| #define PACKAGE_VERSION ""
| #define PACKAGE_STRING ""
| #define PACKAGE_BUGREPORT ""
| #define _GNU_SOURCE 1
| #ifdef __cplusplus
| extern "C" void std::exit (int) throw (); using std::exit;
| #endif
| /* end confdefs.h.  */
| #include <ac_nonexistent.h>
configure:2929: result: gcc -E
configure:2953: gcc -E  conftest.c
configure:2959: $? = 0
configure:2991: gcc -E  conftest.c
conftest.c:13:28: error: ac_nonexistent.h: No such file or directory
configure:2997: $? = 1
configure: failed program was:
| /* confdefs.h.  */
| 
| #define PACKAGE_NAME ""
| #define PACKAGE_TARNAME ""
| #define PACKAGE_VERSION ""
| #define PACKAGE_STRING ""
| #define PACKAGE_BUGREPORT ""
| #define _GNU_SOURCE 1
| #ifdef __cplusplus
| extern "C" void std::exit (int) throw (); using std::exit;
| #endif
| /* end confdefs.h.  */
| #include <ac_nonexistent.h>
configure:3041: checking for egrep
configure:3051: result: grep -E
configure:3056: checking for ANSI C header files
configure:3081: gcc -c -g -O2  conftest.c >&5
configure:3087: $? = 0
configure:3091: test -z 
			 || test ! -s conftest.err
configure:3094: $? = 0
configure:3097: test -s conftest.o
configure:3100: $? = 0
configure:3189: gcc -o conftest -g -O2   conftest.c  >&5
conftest.c: In function 'main':
conftest.c:30: warning: incompatible implicit declaration of built-in function 'exit'
configure:3192: $? = 0
configure:3194: ./conftest
configure:3197: $? = 0
configure:3212: result: yes
configure:3236: checking for sys/types.h
configure:3252: gcc -c -g -O2  conftest.c >&5
configure:3258: $? = 0
configure:3262: test -z 
			 || test ! -s conftest.err
configure:3265: $? = 0
configure:3268: test -s conftest.o
configure:3271: $? = 0
configure:3282: result: yes
configure:3236: checking for sys/stat.h
configure:3252: gcc -c -g -O2  conftest.c >&5
configure:3258: $? = 0
configure:3262: test -z 
			 || test ! -s conftest.err
configure:3265: $? = 0
configure:3268: test -s conftest.o
configure:3271: $? = 0
configure:3282: result: yes
configure:3236: checking for stdlib.h
configure:3252: gcc -c -g -O2  conftest.c >&5
configure:3258: $? = 0
configure:3262: test -z 
			 || test ! -s conftest.err
configure:3265: $? = 0
configure:3268: test -s conftest.o
configure:3271: $? = 0
configure:3282: result: yes
configure:3236: checking for string.h
configure:3252: gcc -c -g -O2  conftest.c >&5
configure:3258: $? = 0
configure:3262: test -z 
			 || test ! -s conftest.err
configure:3265: $? = 0
configure:3268: test -s conftest.o
configure:3271: $? = 0
configure:3282: result: yes
configure:3236: checking for memory.h
configure:3252: gcc -c -g -O2  conftest.c >&5
configure:3258: $? = 0
configure:3262: test -z 
			 || test ! -s conftest.err
configure:3265: $? = 0
configure:3268: test -s conftest.o
configure:3271: $? = 0
configure:3282: result: yes
configure:3236: checking for strings.h
configure:3252: gcc -c -g -O2  conftest.c >&5
configure:3258: $? = 0
configure:3262: test -z 
			 || test ! -s conftest.err
configure:3265: $? = 0
configure:3268: test -s conftest.o
configure:3271: $? = 0
configure:3282: result: yes
configure:3236: checking for inttypes.h
configure:3252: gcc -c -g -O2  conftest.c >&5
configure:3258: $? = 0
configure:3262: test -z 
			 || test ! -s conftest.err
configure:3265: $? = 0
configure:3268: test -s conftest.o
configure:3271: $? = 0
configure:3282: result: yes
configure:3236: checking for stdint.h
configure:3252: gcc -c -g -O2  conftest.c >&5
configure:3258: $? = 0
configure:3262: test -z 
			 || test ! -s conftest.err
configure:3265: $? = 0
configure:3268: test -s conftest.o
configure:3271: $? = 0
configure:3282: result: yes
configure:3236: checking for unistd.h
configure:3252: gcc -c -g -O2  conftest.c >&5
configure:3258: $? = 0
configure:3262: test -z 
			 || test ! -s conftest.err
configure:3265: $? = 0
configure:3268: test -s conftest.o
configure:3271: $? = 0
configure:3282: result: yes
configure:3299: checking for string.h
configure:3304: result: yes
configure:3454: checking for main in -lXbsd
configure:3478: gcc -o conftest -g -O2   conftest.c -lXbsd   >&5
/usr/bin/ld: cannot find -lXbsd
collect2: ld returned 1 exit status
configure:3484: $? = 1
configure: failed program was:
| /* confdefs.h.  */
| 
| #define PACKAGE_NAME ""
| #define PACKAGE_TARNAME ""
| #define PACKAGE_VERSION ""
| #define PACKAGE_STRING ""
| #define PACKAGE_BUGREPORT ""
| #define _GNU_SOURCE 1
| #ifdef __cplusplus
| extern "C" void std::exit (int) throw (); using std::exit;
| #endif
| #define STDC_HEADERS 1
| #define HAVE_SYS_TYPES_H 1
| #define HAVE_SYS_STAT_H 1
| #define HAVE_STDLIB_H 1
| #define HAVE_STRING_H 1
| #define HAVE_MEMORY_H 1
| #define HAVE_STRINGS_H 1
| #define HAVE_INTTYPES_H 1
| #define HAVE_STDINT_H 1
| #define HAVE_UNISTD_H 1
| #define HAVE_STRING_H 1
| /* end confdefs.h.  */
| 
| 
| int
| main ()
| {
| main ();
|   ;
|   return 0;
| }
configure:3510: result: no
configure:3516: checking for socket in -lsocket
configure:3546: gcc -o conftest -g -O2   conftest.c -lsocket   >&5
/usr/bin/ld: cannot find -lsocket
collect2: ld returned 1 exit status
configure:3552: $? = 1
configure: failed program was:
| /* confdefs.h.  */
| 
| #define PACKAGE_NAME ""
| #define PACKAGE_TARNAME ""
| #define PACKAGE_VERSION ""
| #define PACKAGE_STRING ""
| #define PACKAGE_BUGREPORT ""
| #define _GNU_SOURCE 1
| #ifdef __cplusplus
| extern "C" void std::exit (int) throw (); using std::exit;
| #endif
| #define STDC_HEADERS 1
| #define HAVE_SYS_TYPES_H 1
| #define HAVE_SYS_STAT_H 1
| #define HAVE_STDLIB_H 1
| #define HAVE_STRING_H 1
| #define HAVE_MEMORY_H 1
| #define HAVE_STRINGS_H 1
| #define HAVE_INTTYPES_H 1
| #define HAVE_STDINT_H 1
| #define HAVE_UNISTD_H 1
| #define HAVE_STRING_H 1
| /* end confdefs.h.  */
| 
| /* Override any gcc2 internal prototype to avoid an error.  */
| #ifdef __cplusplus
| extern "C"
| #endif
| /* We use char because int might match the return type of a gcc2
|    builtin and then its argument prototype would still apply.  */
| char socket ();
| int
| main ()
| {
| socket ();
|   ;
|   return 0;
| }
configure:3578: result: no
configure:3584: checking for gethostbyname in -lnsl
configure:3614: gcc -o conftest -g -O2   conftest.c -lnsl   >&5
configure:3620: $? = 0
configure:3624: test -z 
			 || test ! -s conftest.err
configure:3627: $? = 0
configure:3630: test -s conftest
configure:3633: $? = 0
configure:3646: result: yes
configure:3652: checking for dcgettext in -lintl
configure:3682: gcc -o conftest -g -O2   conftest.c -lintl   >&5
conftest.c:31: warning: conflicting types for built-in function 'dcgettext'
/usr/bin/ld: cannot find -lintl
collect2: ld returned 1 exit status
configure:3688: $? = 1
configure: failed program was:
| /* confdefs.h.  */
| 
| #define PACKAGE_NAME ""
| #define PACKAGE_TARNAME ""
| #define PACKAGE_VERSION ""
| #define PACKAGE_STRING ""
| #define PACKAGE_BUGREPORT ""
| #define _GNU_SOURCE 1
| #ifdef __cplusplus
| extern "C" void std::exit (int) throw (); using std::exit;
| #endif
| #define STDC_HEADERS 1
| #define HAVE_SYS_TYPES_H 1
| #define HAVE_SYS_STAT_H 1
| #define HAVE_STDLIB_H 1
| #define HAVE_STRING_H 1
| #define HAVE_MEMORY_H 1
| #define HAVE_STRINGS_H 1
| #define HAVE_INTTYPES_H 1
| #define HAVE_STDINT_H 1
| #define HAVE_UNISTD_H 1
| #define HAVE_STRING_H 1
| /* end confdefs.h.  */
| 
| /* Override any gcc2 internal prototype to avoid an error.  */
| #ifdef __cplusplus
| extern "C"
| #endif
| /* We use char because int might match the return type of a gcc2
|    builtin and then its argument prototype would still apply.  */
| char dcgettext ();
| int
| main ()
| {
| dcgettext ();
|   ;
|   return 0;
| }
configure:3714: result: no
configure:3720: checking for getnodebyname in -ldnet_stub
configure:3750: gcc -o conftest -g -O2   conftest.c -ldnet_stub   >&5
/usr/bin/ld: cannot find -ldnet_stub
collect2: ld returned 1 exit status
configure:3756: $? = 1
configure: failed program was:
| /* confdefs.h.  */
| 
| #define PACKAGE_NAME ""
| #define PACKAGE_TARNAME ""
| #define PACKAGE_VERSION ""
| #define PACKAGE_STRING ""
| #define PACKAGE_BUGREPORT ""
| #define _GNU_SOURCE 1
| #ifdef __cplusplus
| extern "C" void std::exit (int) throw (); using std::exit;
| #endif
| #define STDC_HEADERS 1
| #define HAVE_SYS_TYPES_H 1
| #define HAVE_SYS_STAT_H 1
| #define HAVE_STDLIB_H 1
| #define HAVE_STRING_H 1
| #define HAVE_MEMORY_H 1
| #define HAVE_STRINGS_H 1
| #define HAVE_INTTYPES_H 1
| #define HAVE_STDINT_H 1
| #define HAVE_UNISTD_H 1
| #define HAVE_STRING_H 1
| /* end confdefs.h.  */
| 
| /* Override any gcc2 internal prototype to avoid an error.  */
| #ifdef __cplusplus
| extern "C"
| #endif
| /* We use char because int might match the return type of a gcc2
|    builtin and then its argument prototype would still apply.  */
| char getnodebyname ();
| int
| main ()
| {
| getnodebyname ();
|   ;
|   return 0;
| }
configure:3782: result: no
configure:3828: checking that g++ can handle -O2
configure:3854: gcc -c -g -O2  conftest.c >&5
conftest.c: In function 'main':
conftest.c:30: error: 'error' undeclared (first use in this function)
conftest.c:30: error: (Each undeclared identifier is reported only once
conftest.c:30: error: for each function it appears in.)
conftest.c:34: error: expected ';' before 'int'
configure:3860: $? = 1
configure: failed program was:
| /* confdefs.h.  */
| 
| #define PACKAGE_NAME ""
| #define PACKAGE_TARNAME ""
| #define PACKAGE_VERSION ""
| #define PACKAGE_STRING ""
| #define PACKAGE_BUGREPORT ""
| #define _GNU_SOURCE 1
| #ifdef __cplusplus
| extern "C" void std::exit (int) throw (); using std::exit;
| #endif
| #define STDC_HEADERS 1
| #define HAVE_SYS_TYPES_H 1
| #define HAVE_SYS_STAT_H 1
| #define HAVE_STDLIB_H 1
| #define HAVE_STRING_H 1
| #define HAVE_MEMORY_H 1
| #define HAVE_STRINGS_H 1
| #define HAVE_INTTYPES_H 1
| #define HAVE_STDINT_H 1
| #define HAVE_UNISTD_H 1
| #define HAVE_STRING_H 1
| /* end confdefs.h.  */
| 
| int
| main ()
| {
| #if __GNUC__ < 2  || __GNUC_MINOR__ < 8
| 		/* gcc */
| 		error
| 		#endif
| 		#if __GNUC_MINOR__ < 92
| 		/* egcs */
| 		int error;
| 		#endif
| 
|   ;
|   return 0;
| }
configure:3883: result: no
configure:4002: checking if C++ libraries work without any namespace
configure:4023: g++ -c -g -O2  conftest.cc >&5
conftest.cc: In function 'int main()':
conftest.cc:29: error: 'cout' was not declared in this scope
configure:4029: $? = 1
configure: failed program was:
| /* confdefs.h.  */
| 
| #define PACKAGE_NAME ""
| #define PACKAGE_TARNAME ""
| #define PACKAGE_VERSION ""
| #define PACKAGE_STRING ""
| #define PACKAGE_BUGREPORT ""
| #define _GNU_SOURCE 1
| #ifdef __cplusplus
| extern "C" void std::exit (int) throw (); using std::exit;
| #endif
| #define STDC_HEADERS 1
| #define HAVE_SYS_TYPES_H 1
| #define HAVE_SYS_STAT_H 1
| #define HAVE_STDLIB_H 1
| #define HAVE_STRING_H 1
| #define HAVE_MEMORY_H 1
| #define HAVE_STRINGS_H 1
| #define HAVE_INTTYPES_H 1
| #define HAVE_STDINT_H 1
| #define HAVE_UNISTD_H 1
| #define HAVE_STRING_H 1
| /* end confdefs.h.  */
| #include <iostream>
| 
| int
| main ()
| {
| cout.fail();
| 
|   ;
|   return 0;
| }
configure:4052: result: no
configure:4060: checking if C++ libraries work with namespace std
configure:4081: g++ -c -g -O2  conftest.cc >&5
configure:4087: $? = 0
configure:4091: test -z 
			 || test ! -s conftest.err
configure:4094: $? = 0
configure:4097: test -s conftest.o
configure:4100: $? = 0
configure:4102: result: yes
configure:4119: checking if STL works without any namespace
configure:4139: g++ -c -g -O2  conftest.cc >&5
conftest.cc: In function 'int main()':
conftest.cc:29: error: 'list' was not declared in this scope
conftest.cc:29: error: expected primary-expression before 'int'
conftest.cc:29: error: expected `;' before 'int'
configure:4145: $? = 1
configure: failed program was:
| /* confdefs.h.  */
| 
| #define PACKAGE_NAME ""
| #define PACKAGE_TARNAME ""
| #define PACKAGE_VERSION ""
| #define PACKAGE_STRING ""
| #define PACKAGE_BUGREPORT ""
| #define _GNU_SOURCE 1
| #ifdef __cplusplus
| extern "C" void std::exit (int) throw (); using std::exit;
| #endif
| #define STDC_HEADERS 1
| #define HAVE_SYS_TYPES_H 1
| #define HAVE_SYS_STAT_H 1
| #define HAVE_STDLIB_H 1
| #define HAVE_STRING_H 1
| #define HAVE_MEMORY_H 1
| #define HAVE_STRINGS_H 1
| #define HAVE_INTTYPES_H 1
| #define HAVE_STDINT_H 1
| #define HAVE_UNISTD_H 1
| #define HAVE_STRING_H 1
| /* end confdefs.h.  */
| #include <list>
| 
| int
| main ()
| {
| list<int> test;
| 
|   ;
|   return 0;
| }
configure:4168: result: no
configure:4176: checking if STL works with namespace std
configure:4197: g++ -c -g -O2  conftest.cc >&5
configure:4203: $? = 0
configure:4207: test -z 
			 || test ! -s conftest.err
configure:4210: $? = 0
configure:4213: test -s conftest.o
configure:4216: $? = 0
configure:4218: result: yes
configure:4299: checking should use STL
configure:4324: result: yes
configure:4547: checking for tcl.h
configure:4600: result: -I/usr/local/include
configure:4606: checking for libtcl8.4
configure:4670: result: -L/usr/local/lib -ltcl8.4
configure:4676: checking for init.tcl
configure:4715: result: /usr/lib/tcl8.4
configure:4732: checking for tclsh8.4.14
configure:4765: result: no
configure:4732: checking for tclsh8.4
configure:4750: found /usr/local/bin/tclsh8.4
configure:4762: result: /usr/local/bin/tclsh8.4
configure:4993: checking for tk.h
configure:5046: result: -I/usr/include/tcl8.4
configure:5052: checking for libtk8.4
configure:5116: result: -L/usr/lib -ltk8.4
configure:5122: checking for tk.tcl
configure:5161: result: /usr/lib/tk8.4
configure:5260: checking for otcl.h
configure:5313: result: -I../otcl-1.13
configure:5319: checking for libotcl1.13
configure:5383: result: -L../otcl-1.13 -lotcl
configure:5510: checking for tclcl.h
configure:5563: result: -I../tclcl-1.19
configure:5569: checking for libtclcl
configure:5633: result: -L../tclcl-1.19 -ltclcl
configure:5639: checking for tcl2c++
configure:5678: result: ../tclcl-1.19
configure:5878: checking for libtcldbg
configure:5923: result: no
configure:6033: checking dmalloc
configure:6035: result: not requested with --with-dmalloc
configure:6316: checking for perl
configure:6355: result: /usr/bin
/usr/bin/perl -e require 5.002
configure:6464: checking for ANSI C header files
configure:6620: result: yes
configure:6652: checking arpa/inet.h usability
configure:6664: gcc -c -g -O2  conftest.c >&5
configure:6670: $? = 0
configure:6674: test -z 
			 || test ! -s conftest.err
configure:6677: $? = 0
configure:6680: test -s conftest.o
configure:6683: $? = 0
configure:6693: result: yes
configure:6697: checking arpa/inet.h presence
configure:6707: gcc -E  conftest.c
configure:6713: $? = 0
configure:6733: result: yes
configure:6768: checking for arpa/inet.h
configure:6775: result: yes
configure:6652: checking fenv.h usability
configure:6664: gcc -c -g -O2  conftest.c >&5
configure:6670: $? = 0
configure:6674: test -z 
			 || test ! -s conftest.err
configure:6677: $? = 0
configure:6680: test -s conftest.o
configure:6683: $? = 0
configure:6693: result: yes
configure:6697: checking fenv.h presence
configure:6707: gcc -E  conftest.c
configure:6713: $? = 0
configure:6733: result: yes
configure:6768: checking for fenv.h
configure:6775: result: yes
configure:6652: checking netinet/in.h usability
configure:6664: gcc -c -g -O2  conftest.c >&5
configure:6670: $? = 0
configure:6674: test -z 
			 || test ! -s conftest.err
configure:6677: $? = 0
configure:6680: test -s conftest.o
configure:6683: $? = 0
configure:6693: result: yes
configure:6697: checking netinet/in.h presence
configure:6707: gcc -E  conftest.c
configure:6713: $? = 0
configure:6733: result: yes
configure:6768: checking for netinet/in.h
configure:6775: result: yes
configure:6643: checking for string.h
configure:6648: result: yes
configure:6643: checking for strings.h
configure:6648: result: yes
configure:6652: checking time.h usability
configure:6664: gcc -c -g -O2  conftest.c >&5
configure:6670: $? = 0
configure:6674: test -z 
			 || test ! -s conftest.err
configure:6677: $? = 0
configure:6680: test -s conftest.o
configure:6683: $? = 0
configure:6693: result: yes
configure:6697: checking time.h presence
configure:6707: gcc -E  conftest.c
configure:6713: $? = 0
configure:6733: result: yes
configure:6768: checking for time.h
configure:6775: result: yes
configure:6643: checking for unistd.h
configure:6648: result: yes
configure:6652: checking net/ethernet.h usability
configure:6664: gcc -c -g -O2  conftest.c >&5
configure:6670: $? = 0
configure:6674: test -z 
			 || test ! -s conftest.err
configure:6677: $? = 0
configure:6680: test -s conftest.o
configure:6683: $? = 0
configure:6693: result: yes
configure:6697: checking net/ethernet.h presence
configure:6707: gcc -E  conftest.c
configure:6713: $? = 0
configure:6733: result: yes
configure:6768: checking for net/ethernet.h
configure:6775: result: yes
configure:6789: checking for main in -lm
configure:6813: gcc -o conftest -g -O2   conftest.c -lm   >&5
configure:6819: $? = 0
configure:6823: test -z 
			 || test ! -s conftest.err
configure:6826: $? = 0
configure:6829: test -s conftest
configure:6832: $? = 0
configure:6845: result: yes
configure:6870: checking for bcopy
configure:6927: gcc -o conftest -g -O2   conftest.c -lm  >&5
conftest.c:68: warning: conflicting types for built-in function 'bcopy'
configure:6933: $? = 0
configure:6937: test -z 
			 || test ! -s conftest.err
configure:6940: $? = 0
configure:6943: test -s conftest
configure:6946: $? = 0
configure:6958: result: yes
configure:6870: checking for bzero
configure:6927: gcc -o conftest -g -O2   conftest.c -lm  >&5
conftest.c:69: warning: conflicting types for built-in function 'bzero'
configure:6933: $? = 0
configure:6937: test -z 
			 || test ! -s conftest.err
configure:6940: $? = 0
configure:6943: test -s conftest
configure:6946: $? = 0
configure:6958: result: yes
configure:6870: checking for fesetprecision
configure:6927: gcc -o conftest -g -O2   conftest.c -lm  >&5
/tmp/ccGIXHu4.o: In function `main':
/home/duy/ns-cur-original/conftest.c:85: undefined reference to `fesetprecision'
/tmp/ccGIXHu4.o:(.data+0x0): undefined reference to `fesetprecision'
collect2: ld returned 1 exit status
configure:6933: $? = 1
configure: failed program was:
| /* confdefs.h.  */
| 
| #define PACKAGE_NAME ""
| #define PACKAGE_TARNAME ""
| #define PACKAGE_VERSION ""
| #define PACKAGE_STRING ""
| #define PACKAGE_BUGREPORT ""
| #define _GNU_SOURCE 1
| #ifdef __cplusplus
| extern "C" void std::exit (int) throw (); using std::exit;
| #endif
| #define STDC_HEADERS 1
| #define HAVE_SYS_TYPES_H 1
| #define HAVE_SYS_STAT_H 1
| #define HAVE_STDLIB_H 1
| #define HAVE_STRING_H 1
| #define HAVE_MEMORY_H 1
| #define HAVE_STRINGS_H 1
| #define HAVE_INTTYPES_H 1
| #define HAVE_STDINT_H 1
| #define HAVE_UNISTD_H 1
| #define HAVE_STRING_H 1
| #define HAVE_STL 1
| #define CPP_REQUIRES_NAMESPACE 1
| #define HAVE_TCL_H 1
| #define HAVE_LIBTCL8_4 1
| #define HAVE_TK_H 1
| #define HAVE_LIBTK8_4 1
| #define HAVE_OTCL_H 1
| #define HAVE_LIBOTCL1_13 1
| #define HAVE_TCLCL_H 1
| #define HAVE_LIBTCLCL 1
| #define STDC_HEADERS 1
| #define HAVE_ARPA_INET_H 1
| #define HAVE_FENV_H 1
| #define HAVE_NETINET_IN_H 1
| #define HAVE_STRING_H 1
| #define HAVE_STRINGS_H 1
| #define HAVE_TIME_H 1
| #define HAVE_UNISTD_H 1
| #define HAVE_NET_ETHERNET_H 1
| #define HAVE_LIBM 1
| #define HAVE_BCOPY 1
| #define HAVE_BZERO 1
| /* end confdefs.h.  */
| /* Define fesetprecision to an innocuous variant, in case <limits.h> declares fesetprecision.
|    For example, HP-UX 11i <limits.h> declares gettimeofday.  */
| #define fesetprecision innocuous_fesetprecision
| 
| /* System header to define __stub macros and hopefully few prototypes,
|     which can conflict with char fesetprecision (); below.
|     Prefer <limits.h> to <assert.h> if __STDC__ is defined, since
|     <limits.h> exists even on freestanding compilers.  */
| 
| #ifdef __STDC__
| # include <limits.h>
| #else
| # include <assert.h>
| #endif
| 
| #undef fesetprecision
| 
| /* Override any gcc2 internal prototype to avoid an error.  */
| #ifdef __cplusplus
| extern "C"
| {
| #endif
| /* We use char because int might match the return type of a gcc2
|    builtin and then its argument prototype would still apply.  */
| char fesetprecision ();
| /* The GNU C library defines this for functions which it implements
|     to always fail with ENOSYS.  Some functions are actually named
|     something starting with __ and the normal name is an alias.  */
| #if defined (__stub_fesetprecision) || defined (__stub___fesetprecision)
| choke me
| #else
| char (*f) () = fesetprecision;
| #endif
| #ifdef __cplusplus
| }
| #endif
| 
| int
| main ()
| {
| return f != fesetprecision;
|   ;
|   return 0;
| }
configure:6958: result: no
configure:6870: checking for feenableexcept
configure:6927: gcc -o conftest -g -O2   conftest.c -lm  >&5
configure:6933: $? = 0
configure:6937: test -z 
			 || test ! -s conftest.err
configure:6940: $? = 0
configure:6943: test -s conftest
configure:6946: $? = 0
configure:6958: result: yes
configure:6870: checking for getrusage
configure:6927: gcc -o conftest -g -O2   conftest.c -lm  >&5
configure:6933: $? = 0
configure:6937: test -z 
			 || test ! -s conftest.err
configure:6940: $? = 0
configure:6943: test -s conftest
configure:6946: $? = 0
configure:6958: result: yes
configure:6870: checking for sbrk
configure:6927: gcc -o conftest -g -O2   conftest.c -lm  >&5
configure:6933: $? = 0
configure:6937: test -z 
			 || test ! -s conftest.err
configure:6940: $? = 0
configure:6943: test -s conftest
configure:6946: $? = 0
configure:6958: result: yes
configure:6870: checking for snprintf
configure:6927: gcc -o conftest -g -O2   conftest.c -lm  >&5
conftest.c:73: warning: conflicting types for built-in function 'snprintf'
configure:6933: $? = 0
configure:6937: test -z 
			 || test ! -s conftest.err
configure:6940: $? = 0
configure:6943: test -s conftest
configure:6946: $? = 0
configure:6958: result: yes
configure:6969: checking return type of random
configure:6994: gcc -o conftest -g -O2   conftest.c -lm  >&5
configure:6997: $? = 0
configure:6999: ./conftest
configure:7002: $? = 0
configure:7004: result: long
configure:7028: checking for int8_t
configure:7052: gcc -c -g -O2  conftest.c >&5
configure:7058: $? = 0
configure:7062: test -z 
			 || test ! -s conftest.err
configure:7065: $? = 0
configure:7068: test -s conftest.o
configure:7071: $? = 0
configure:7082: result: yes
configure:7094: checking for int16_t
configure:7118: gcc -c -g -O2  conftest.c >&5
configure:7124: $? = 0
configure:7128: test -z 
			 || test ! -s conftest.err
configure:7131: $? = 0
configure:7134: test -s conftest.o
configure:7137: $? = 0
configure:7148: result: yes
configure:7160: checking for int32_t
configure:7184: gcc -c -g -O2  conftest.c >&5
configure:7190: $? = 0
configure:7194: test -z 
			 || test ! -s conftest.err
configure:7197: $? = 0
configure:7200: test -s conftest.o
configure:7203: $? = 0
configure:7214: result: yes
configure:7226: checking for u_int8_t
configure:7250: gcc -c -g -O2  conftest.c >&5
configure:7256: $? = 0
configure:7260: test -z 
			 || test ! -s conftest.err
configure:7263: $? = 0
configure:7266: test -s conftest.o
configure:7269: $? = 0
configure:7280: result: yes
configure:7292: checking for u_int16_t
configure:7316: gcc -c -g -O2  conftest.c >&5
configure:7322: $? = 0
configure:7326: test -z 
			 || test ! -s conftest.err
configure:7329: $? = 0
configure:7332: test -s conftest.o
configure:7335: $? = 0
configure:7346: result: yes
configure:7358: checking for u_int32_t
configure:7382: gcc -c -g -O2  conftest.c >&5
configure:7388: $? = 0
configure:7392: test -z 
			 || test ! -s conftest.err
configure:7395: $? = 0
configure:7398: test -s conftest.o
configure:7401: $? = 0
configure:7412: result: yes
configure:7424: checking for u_char
configure:7448: gcc -c -g -O2  conftest.c >&5
configure:7454: $? = 0
configure:7458: test -z 
			 || test ! -s conftest.err
configure:7461: $? = 0
configure:7464: test -s conftest.o
configure:7467: $? = 0
configure:7478: result: yes
configure:7490: checking for u_int
configure:7514: gcc -c -g -O2  conftest.c >&5
configure:7520: $? = 0
configure:7524: test -z 
			 || test ! -s conftest.err
configure:7527: $? = 0
configure:7530: test -s conftest.o
configure:7533: $? = 0
configure:7544: result: yes
configure:7563: checking for strtoq
configure:7620: gcc -o conftest -g -O2   conftest.c -lm  >&5
configure:7626: $? = 0
configure:7630: test -z 
			 || test ! -s conftest.err
configure:7633: $? = 0
configure:7636: test -s conftest
configure:7639: $? = 0
configure:7651: result: yes
configure:7563: checking for strtoll
configure:7620: gcc -o conftest -g -O2   conftest.c -lm  >&5
configure:7626: $? = 0
configure:7630: test -z 
			 || test ! -s conftest.err
configure:7633: $? = 0
configure:7636: test -s conftest
configure:7639: $? = 0
configure:7651: result: yes
configure:7666: checking for long
configure:7690: gcc -c -g -O2  conftest.c >&5
configure:7696: $? = 0
configure:7700: test -z 
			 || test ! -s conftest.err
configure:7703: $? = 0
configure:7706: test -s conftest.o
configure:7709: $? = 0
configure:7720: result: yes
configure:7723: checking size of long
configure:8042: gcc -o conftest -g -O2   conftest.c -lm  >&5
configure:8045: $? = 0
configure:8047: ./conftest
configure:8050: $? = 0
configure:8073: result: 4
configure:8176: checking for __int64_t
configure:8196: gcc -o conftest -g -O2   conftest.c -lm  >&5
conftest.c: In function 'main':
conftest.c:55: error: '__int64_t' undeclared (first use in this function)
conftest.c:55: error: (Each undeclared identifier is reported only once
conftest.c:55: error: for each function it appears in.)
conftest.c:55: error: expected ';' before 'x'
conftest.c:55: warning: incompatible implicit declaration of built-in function 'exit'
conftest.c:55: error: 'x' undeclared (first use in this function)
configure:8199: $? = 1
configure: program exited with status 1
configure: failed program was:
| /* confdefs.h.  */
| 
| #define PACKAGE_NAME ""
| #define PACKAGE_TARNAME ""
| #define PACKAGE_VERSION ""
| #define PACKAGE_STRING ""
| #define PACKAGE_BUGREPORT ""
| #define _GNU_SOURCE 1
| #ifdef __cplusplus
| extern "C" void std::exit (int) throw (); using std::exit;
| #endif
| #define STDC_HEADERS 1
| #define HAVE_SYS_TYPES_H 1
| #define HAVE_SYS_STAT_H 1
| #define HAVE_STDLIB_H 1
| #define HAVE_STRING_H 1
| #define HAVE_MEMORY_H 1
| #define HAVE_STRINGS_H 1
| #define HAVE_INTTYPES_H 1
| #define HAVE_STDINT_H 1
| #define HAVE_UNISTD_H 1
| #define HAVE_STRING_H 1
| #define HAVE_STL 1
| #define CPP_REQUIRES_NAMESPACE 1
| #define HAVE_TCL_H 1
| #define HAVE_LIBTCL8_4 1
| #define HAVE_TK_H 1
| #define HAVE_LIBTK8_4 1
| #define HAVE_OTCL_H 1
| #define HAVE_LIBOTCL1_13 1
| #define HAVE_TCLCL_H 1
| #define HAVE_LIBTCLCL 1
| #define STDC_HEADERS 1
| #define HAVE_ARPA_INET_H 1
| #define HAVE_FENV_H 1
| #define HAVE_NETINET_IN_H 1
| #define HAVE_STRING_H 1
| #define HAVE_STRINGS_H 1
| #define HAVE_TIME_H 1
| #define HAVE_UNISTD_H 1
| #define HAVE_NET_ETHERNET_H 1
| #define HAVE_LIBM 1
| #define HAVE_BCOPY 1
| #define HAVE_BZERO 1
| #define HAVE_FEENABLEEXCEPT 1
| #define HAVE_GETRUSAGE 1
| #define HAVE_SBRK 1
| #define HAVE_SNPRINTF 1
| #define RANDOM_RETURN_TYPE long
| #define HAVE_STRTOQ 1
| #define HAVE_STRTOLL 1
| #define SIZEOF_LONG 4
| /* end confdefs.h.  */
| 
| main() { __int64_t x; exit (sizeof(x) >= 8 ? 0 : 1); }
| 
configure:8218: result: no
configure:8224: checking for long long
configure:8244: gcc -o conftest -g -O2   conftest.c -lm  >&5
conftest.c: In function 'main':
conftest.c:55: warning: incompatible implicit declaration of built-in function 'exit'
configure:8247: $? = 0
configure:8249: ./conftest
configure:8252: $? = 0
configure:8266: result: yes
configure:8274: checking for int64_t
configure:8300: result: yes
configure:8310: checking which kind of 64-bit int to use
configure:8322: result: int64_t
configure:8343: checking for struct ether_header
configure:8371: gcc -c -g -O2  conftest.c >&5
configure:8377: $? = 0
configure:8381: test -z 
			 || test ! -s conftest.err
configure:8384: $? = 0
configure:8387: test -s conftest.o
configure:8390: $? = 0
configure:8397: result: found
configure:8412: checking for struct ether_addr
configure:8440: gcc -c -g -O2  conftest.c >&5
configure:8446: $? = 0
configure:8450: test -z 
			 || test ! -s conftest.err
configure:8453: $? = 0
configure:8456: test -s conftest.o
configure:8459: $? = 0
configure:8466: result: found
configure:8485: checking for addr2ascii
configure:8542: gcc -o conftest -g -O2   conftest.c -lm  >&5
/tmp/cceOWkIT.o: In function `main':
/home/duy/ns-cur-original/conftest.c:96: undefined reference to `addr2ascii'
/tmp/cceOWkIT.o:(.data+0x0): undefined reference to `addr2ascii'
collect2: ld returned 1 exit status
configure:8548: $? = 1
configure: failed program was:
| /* confdefs.h.  */
| 
| #define PACKAGE_NAME ""
| #define PACKAGE_TARNAME ""
| #define PACKAGE_VERSION ""
| #define PACKAGE_STRING ""
| #define PACKAGE_BUGREPORT ""
| #define _GNU_SOURCE 1
| #ifdef __cplusplus
| extern "C" void std::exit (int) throw (); using std::exit;
| #endif
| #define STDC_HEADERS 1
| #define HAVE_SYS_TYPES_H 1
| #define HAVE_SYS_STAT_H 1
| #define HAVE_STDLIB_H 1
| #define HAVE_STRING_H 1
| #define HAVE_MEMORY_H 1
| #define HAVE_STRINGS_H 1
| #define HAVE_INTTYPES_H 1
| #define HAVE_STDINT_H 1
| #define HAVE_UNISTD_H 1
| #define HAVE_STRING_H 1
| #define HAVE_STL 1
| #define CPP_REQUIRES_NAMESPACE 1
| #define HAVE_TCL_H 1
| #define HAVE_LIBTCL8_4 1
| #define HAVE_TK_H 1
| #define HAVE_LIBTK8_4 1
| #define HAVE_OTCL_H 1
| #define HAVE_LIBOTCL1_13 1
| #define HAVE_TCLCL_H 1
| #define HAVE_LIBTCLCL 1
| #define STDC_HEADERS 1
| #define HAVE_ARPA_INET_H 1
| #define HAVE_FENV_H 1
| #define HAVE_NETINET_IN_H 1
| #define HAVE_STRING_H 1
| #define HAVE_STRINGS_H 1
| #define HAVE_TIME_H 1
| #define HAVE_UNISTD_H 1
| #define HAVE_NET_ETHERNET_H 1
| #define HAVE_LIBM 1
| #define HAVE_BCOPY 1
| #define HAVE_BZERO 1
| #define HAVE_FEENABLEEXCEPT 1
| #define HAVE_GETRUSAGE 1
| #define HAVE_SBRK 1
| #define HAVE_SNPRINTF 1
| #define RANDOM_RETURN_TYPE long
| #define HAVE_STRTOQ 1
| #define HAVE_STRTOLL 1
| #define SIZEOF_LONG 4
| #define HAVE_INT64 1
| #define HAVE_ETHER_HEADER_STRUCT 1
| #define HAVE_ETHER_ADDRESS_STRUCT 1
| /* end confdefs.h.  */
| /* Define addr2ascii to an innocuous variant, in case <limits.h> declares addr2ascii.
|    For example, HP-UX 11i <limits.h> declares gettimeofday.  */
| #define addr2ascii innocuous_addr2ascii
| 
| /* System header to define __stub macros and hopefully few prototypes,
|     which can conflict with char addr2ascii (); below.
|     Prefer <limits.h> to <assert.h> if __STDC__ is defined, since
|     <limits.h> exists even on freestanding compilers.  */
| 
| #ifdef __STDC__
| # include <limits.h>
| #else
| # include <assert.h>
| #endif
| 
| #undef addr2ascii
| 
| /* Override any gcc2 internal prototype to avoid an error.  */
| #ifdef __cplusplus
| extern "C"
| {
| #endif
| /* We use char because int might match the return type of a gcc2
|    builtin and then its argument prototype would still apply.  */
| char addr2ascii ();
| /* The GNU C library defines this for functions which it implements
|     to always fail with ENOSYS.  Some functions are actually named
|     something starting with __ and the normal name is an alias.  */
| #if defined (__stub_addr2ascii) || defined (__stub___addr2ascii)
| choke me
| #else
| char (*f) () = addr2ascii;
| #endif
| #ifdef __cplusplus
| }
| #endif
| 
| int
| main ()
| {
| return f != addr2ascii;
|   ;
|   return 0;
| }
configure:8573: result: no
configure:8604: gcc -o conftest -g -O2   conftest.c -lm  >&5
configure:8607: $? = 0
configure:8609: ./conftest
configure:8612: $? = 0
configure:8630: checking for Linux compliant tcphdr
configure:8659: gcc -c -g -O2  conftest.c >&5
configure:8665: $? = 0
configure:8669: test -z 
			 || test ! -s conftest.err
configure:8672: $? = 0
configure:8675: test -s conftest.o
configure:8678: $? = 0
configure:8682: result: found
configure:8697: checking for BSD compliant tcphdr
configure:8726: gcc -c -g -O2  conftest.c >&5
conftest.c: In function 'main':
conftest.c:69: error: 'struct tcphdr' has no member named 'th_sport'
configure:8732: $? = 1
configure: failed program was:
| /* confdefs.h.  */
| 
| #define PACKAGE_NAME ""
| #define PACKAGE_TARNAME ""
| #define PACKAGE_VERSION ""
| #define PACKAGE_STRING ""
| #define PACKAGE_BUGREPORT ""
| #define _GNU_SOURCE 1
| #ifdef __cplusplus
| extern "C" void std::exit (int) throw (); using std::exit;
| #endif
| #define STDC_HEADERS 1
| #define HAVE_SYS_TYPES_H 1
| #define HAVE_SYS_STAT_H 1
| #define HAVE_STDLIB_H 1
| #define HAVE_STRING_H 1
| #define HAVE_MEMORY_H 1
| #define HAVE_STRINGS_H 1
| #define HAVE_INTTYPES_H 1
| #define HAVE_STDINT_H 1
| #define HAVE_UNISTD_H 1
| #define HAVE_STRING_H 1
| #define HAVE_STL 1
| #define CPP_REQUIRES_NAMESPACE 1
| #define HAVE_TCL_H 1
| #define HAVE_LIBTCL8_4 1
| #define HAVE_TK_H 1
| #define HAVE_LIBTK8_4 1
| #define HAVE_OTCL_H 1
| #define HAVE_LIBOTCL1_13 1
| #define HAVE_TCLCL_H 1
| #define HAVE_LIBTCLCL 1
| #define STDC_HEADERS 1
| #define HAVE_ARPA_INET_H 1
| #define HAVE_FENV_H 1
| #define HAVE_NETINET_IN_H 1
| #define HAVE_STRING_H 1
| #define HAVE_STRINGS_H 1
| #define HAVE_TIME_H 1
| #define HAVE_UNISTD_H 1
| #define HAVE_NET_ETHERNET_H 1
| #define HAVE_LIBM 1
| #define HAVE_BCOPY 1
| #define HAVE_BZERO 1
| #define HAVE_FEENABLEEXCEPT 1
| #define HAVE_GETRUSAGE 1
| #define HAVE_SBRK 1
| #define HAVE_SNPRINTF 1
| #define RANDOM_RETURN_TYPE long
| #define HAVE_STRTOQ 1
| #define HAVE_STRTOLL 1
| #define SIZEOF_LONG 4
| #define HAVE_INT64 1
| #define HAVE_ETHER_HEADER_STRUCT 1
| #define HAVE_ETHER_ADDRESS_STRUCT 1
| #define HAVE_SIOCGIFHWADDR 1
| /* end confdefs.h.  */
| 
| #include <stdio.h>
| #include <netinet/tcp.h>
| 
| int
| main ()
| {
| 
| int main()
| {
| 	struct tcphdr *tcp;
| 	tcp->th_sport= 1;
| 
| 	return 0;
| }
| 
|   ;
|   return 0;
| }
configure:8757: result: not found
configure:8763: checking for socklen_t
configure:8786: gcc -c -g -O2  conftest.c >&5
configure:8792: $? = 0
configure:8796: test -z 
			 || test ! -s conftest.err
configure:8799: $? = 0
configure:8802: test -s conftest.o
configure:8805: $? = 0
configure:8817: result: yes
configure:8830: checking for main in -lpcap
configure:8854: gcc -o conftest -g -O2   conftest.c -lpcap  -lm  >&5
configure:8860: $? = 0
configure:8864: test -z 
			 || test ! -s conftest.err
configure:8867: $? = 0
configure:8870: test -s conftest
configure:8873: $? = 0
configure:8886: result: yes
configure:8895: checking to make nse
configure:8899: result: yes
configure:8951: checking for dlopen in -ldl
configure:8981: gcc -o conftest -g -O2   conftest.c -ldl  -lm  >&5
configure:8987: $? = 0
configure:8991: test -z 
			 || test ! -s conftest.err
configure:8994: $? = 0
configure:8997: test -s conftest
configure:9000: $? = 0
configure:9013: result: yes
configure:9206: checking for a BSD-compatible install
configure:9261: result: /usr/bin/install -c
configure:9370: creating ./config.status

## ---------------------- ##
## Running config.status. ##
## ---------------------- ##

This file was extended by config.status, which was
generated by GNU Autoconf 2.59.  Invocation command line was

  CONFIG_FILES    = 
  CONFIG_HEADERS  = 
  CONFIG_LINKS    = 
  CONFIG_COMMANDS = 
  $ ./config.status 

on duy-laptop

config.status:705: creating Makefile
config.status:705: creating tcl/lib/ns-autoconf.tcl
config.status:705: creating indep-utils/webtrace-conv/ucb/Makefile
config.status:705: creating indep-utils/webtrace-conv/dec/Makefile
config.status:705: creating indep-utils/webtrace-conv/nlanr/Makefile
config.status:705: creating indep-utils/webtrace-conv/epa/Makefile
config.status:705: creating indep-utils/cmu-scen-gen/setdest/Makefile
config.status:809: creating autoconf.h

## ---------------- ##
## Cache variables. ##
## ---------------- ##

ac_cv_build=i686-pc-linux-gnu
ac_cv_build_alias=i686-pc-linux-gnu
ac_cv_c_compiler_gnu=yes
ac_cv_cxx_compiler_gnu=yes
ac_cv_env_CC_set=
ac_cv_env_CC_value=
ac_cv_env_CFLAGS_set=
ac_cv_env_CFLAGS_value=
ac_cv_env_CPPFLAGS_set=
ac_cv_env_CPPFLAGS_value=
ac_cv_env_CPP_set=
ac_cv_env_CPP_value=
ac_cv_env_CXXFLAGS_set=
ac_cv_env_CXXFLAGS_value=
ac_cv_env_CXX_set=
ac_cv_env_CXX_value=
ac_cv_env_LDFLAGS_set=
ac_cv_env_LDFLAGS_value=
ac_cv_env_build_alias_set=
ac_cv_env_build_alias_value=
ac_cv_env_host_alias_set=
ac_cv_env_host_alias_value=
ac_cv_env_target_alias_set=
ac_cv_env_target_alias_value=
ac_cv_exeext=
ac_cv_func_addr2ascii=no
ac_cv_func_bcopy=yes
ac_cv_func_bzero=yes
ac_cv_func_feenableexcept=yes
ac_cv_func_fesetprecision=no
ac_cv_func_getrusage=yes
ac_cv_func_sbrk=yes
ac_cv_func_snprintf=yes
ac_cv_func_strtoll=yes
ac_cv_func_strtoq=yes
ac_cv_header_arpa_inet_h=yes
ac_cv_header_fenv_h=yes
ac_cv_header_inttypes_h=yes
ac_cv_header_memory_h=yes
ac_cv_header_net_ethernet_h=yes
ac_cv_header_netinet_in_h=yes
ac_cv_header_stdc=yes
ac_cv_header_stdint_h=yes
ac_cv_header_stdlib_h=yes
ac_cv_header_string_h=yes
ac_cv_header_strings_h=yes
ac_cv_header_sys_stat_h=yes
ac_cv_header_sys_types_h=yes
ac_cv_header_time_h=yes
ac_cv_header_unistd_h=yes
ac_cv_host=i686-pc-linux-gnu
ac_cv_host_alias=i686-pc-linux-gnu
ac_cv_lib_Xbsd_main=no
ac_cv_lib_dl_dlopen=yes
ac_cv_lib_dnet_stub_getnodebyname=no
ac_cv_lib_intl_dcgettext=no
ac_cv_lib_m_main=yes
ac_cv_lib_nsl_gethostbyname=yes
ac_cv_lib_pcap_main=yes
ac_cv_lib_socket_socket=no
ac_cv_objext=o
ac_cv_path_V_TCLSH=/usr/local/bin/tclsh8.4
ac_cv_path_install='/usr/bin/install -c'
ac_cv_prog_CPP='gcc -E'
ac_cv_prog_ac_ct_CC=gcc
ac_cv_prog_ac_ct_CXX=g++
ac_cv_prog_cc_g=yes
ac_cv_prog_cc_stdc=
ac_cv_prog_cxx_g=yes
ac_cv_prog_egrep='grep -E'
ac_cv_sizeof_long=4
ac_cv_target=i686-pc-linux-gnu
ac_cv_target_alias=i686-pc-linux-gnu
ac_cv_type_int16_t=yes
ac_cv_type_int32_t=yes
ac_cv_type_int64_t=yes
ac_cv_type_int8_t=yes
ac_cv_type_long=yes
ac_cv_type_socklen_t=yes
ac_cv_type_u_char=yes
ac_cv_type_u_int=yes
ac_cv_type_u_int16_t=yes
ac_cv_type_u_int32_t=yes
ac_cv_type_u_int8_t=yes

## ----------------- ##
## Output variables. ##
## ----------------- ##

CC='gcc'
CFLAGS='-g -O2'
CPP='gcc -E'
CPPFLAGS=''
CPP_NAMESPACE='std'
CXX='g++'
CXXFLAGS='-g -O2'
DEFS='-DHAVE_CONFIG_H'
ECHO_C=''
ECHO_N='-n'
ECHO_T=''
EGREP='grep -E'
EXEEXT=''
INSTALL_DATA='${INSTALL} -m 644'
INSTALL_PROGRAM='${INSTALL}'
INSTALL_SCRIPT='${INSTALL}'
LDFLAGS=''
LIBOBJS=''
LIBS='-lm '
LTLIBOBJS=''
OBJEXT='o'
PACKAGE_BUGREPORT=''
PACKAGE_NAME=''
PACKAGE_STRING=''
PACKAGE_TARNAME=''
PACKAGE_VERSION=''
PATH_SEPARATOR=':'
PERL='/usr/bin/perl'
SHELL='/bin/bash'
V_ALL=''
V_AR='ar cr'
V_BROKEN_OBJ=''
V_CCOPT=' -Wall'
V_DEFINE='-DTCLCL_CLASSINSTVAR  -DNDEBUG -DLINUX_TCP_HEADER -DUSE_SHM'
V_DEFINES='-DHAVE_LIBTCLCL -DHAVE_TCLCL_H -DHAVE_LIBOTCL1_13 -DHAVE_OTCL_H -DHAVE_LIBTK8_4 -DHAVE_TK_H -DHAVE_LIBTCL8_4 -DHAVE_TCL_H '
V_INCLUDE=''
V_INCLUDES='-I/home/duy/tclcl-1.19 -I/home/duy/otcl-1.13 -I/usr/include/tcl8.4 -I/usr/local/include -I/usr/include/pcap'
V_LIB=' -lnsl -lpcap -ldl'
V_LIBRARY_TCL='/usr/lib/tcl8.4'
V_LIBRARY_TK='/usr/lib/tk8.4'
V_LIBS='-L/home/duy/tclcl-1.19 -ltclcl -L/home/duy/otcl-1.13 -lotcl -L/usr/lib -ltk8.4 -L/usr/local/lib -ltcl8.4'
V_LIB_OTCL='-L/home/duy/otcl-1.13 -lotcl'
V_LIB_TCL='-L/usr/local/lib -ltcl8.4'
V_LIB_TCLCL='-L/home/duy/tclcl-1.19 -ltclcl'
V_LIB_TK='-L/usr/lib -ltk8.4'
V_LSSCRIPT=''
V_NS_TCL_LIB_STL='$(NS_TCL_LIB_STL)'
V_OBJ=''
V_OBJ_CRYPT=''
V_RANLIB='ranlib'
V_SHELL=''
V_SIGRET='void'
V_STATIC=''
V_STLOBJ='$(OBJ_STL)'
V_TARCMD='tar cfh'
V_TAR_EXTRA=''
V_TAR_TARGET='linux-gnu'
V_TCL2CPP='../tclcl-1.19/tcl2c++'
V_TCLSH='/usr/local/bin/tclsh8.4'
V_TCL_LIBRARY_FILES='$(TCL_84_LIBRARY_FILES)'
V_TKDOSNAMES='$(LIBRARY_TK)/optMenu.tcl $(LIBRARY_TK)/scrlbar.tcl'
ac_ct_CC='gcc'
ac_ct_CXX='g++'
bindir='${exec_prefix}/bin'
build='i686-pc-linux-gnu'
build_alias=''
build_cpu='i686'
build_nse='nse'
build_os='linux-gnu'
build_vendor='pc'
datadir='${prefix}/share'
exec_prefix='${prefix}'
host='i686-pc-linux-gnu'
host_alias=''
host_cpu='i686'
host_os='linux-gnu'
host_vendor='pc'
includedir='${prefix}/include'
infodir='${prefix}/info'
libdir='${exec_prefix}/lib'
libexecdir='${exec_prefix}/libexec'
localstatedir='${prefix}/var'
mandir='${prefix}/man'
oldincludedir='/usr/include'
prefix='/usr/local'
program_transform_name='s,x,x,'
sbindir='${exec_prefix}/sbin'
sharedstatedir='${prefix}/com'
sysconfdir='${prefix}/etc'
target='i686-pc-linux-gnu'
target_alias=''
target_cpu='i686'
target_os='linux-gnu'
target_vendor='pc'

## ----------- ##
## confdefs.h. ##
## ----------- ##

#define CPP_REQUIRES_NAMESPACE 1
#define HAVE_ARPA_INET_H 1
#define HAVE_BCOPY 1
#define HAVE_BZERO 1
#define HAVE_ETHER_ADDRESS_STRUCT 1
#define HAVE_ETHER_HEADER_STRUCT 1
#define HAVE_FEENABLEEXCEPT 1
#define HAVE_FENV_H 1
#define HAVE_GETRUSAGE 1
#define HAVE_INT64 1
#define HAVE_INTTYPES_H 1
#define HAVE_LIBM 1
#define HAVE_LIBOTCL1_13 1
#define HAVE_LIBTCL8_4 1
#define HAVE_LIBTCLCL 1
#define HAVE_LIBTK8_4 1
#define HAVE_MEMORY_H 1
#define HAVE_NETINET_IN_H 1
#define HAVE_NET_ETHERNET_H 1
#define HAVE_OTCL_H 1
#define HAVE_SBRK 1
#define HAVE_SIOCGIFHWADDR 1
#define HAVE_SNPRINTF 1
#define HAVE_SOCKLEN_T 1
#define HAVE_STDINT_H 1
#define HAVE_STDLIB_H 1
#define HAVE_STL 1
#define HAVE_STRINGS_H 1
#define HAVE_STRINGS_H 1
#define HAVE_STRING_H 1
#define HAVE_STRING_H 1
#define HAVE_STRING_H 1
#define HAVE_STRTOLL 1
#define HAVE_STRTOQ 1
#define HAVE_SYS_STAT_H 1
#define HAVE_SYS_TYPES_H 1
#define HAVE_TCLCL_H 1
#define HAVE_TCL_H 1
#define HAVE_TIME_H 1
#define HAVE_TK_H 1
#define HAVE_UNISTD_H 1
#define HAVE_UNISTD_H 1
#define PACKAGE_BUGREPORT ""
#define PACKAGE_NAME ""
#define PACKAGE_STRING ""
#define PACKAGE_TARNAME ""
#define PACKAGE_VERSION ""
#define RANDOM_RETURN_TYPE long
#define SIZEOF_LONG 4
#define STDC_HEADERS 1
#define STDC_HEADERS 1
#define _GNU_SOURCE 1
#endif
#ifdef __cplusplus
extern "C" void std::exit (int) throw (); using std::exit;

configure: exit 0
